  Code.cpp
C:\Users\aghat\Downloads\Candy-Crush-master\Candy-Crush-master\Code.h(65,33): warning C4244: 'argument': conversion from 'double' to 'int', possible loss of data
C:\Users\aghat\Downloads\Candy-Crush-master\Candy-Crush-master\Code.h(95,24): warning C4244: '=': conversion from 'SHORT' to 'char', possible loss of data
C:\Users\aghat\Downloads\Candy-Crush-master\Candy-Crush-master\Code.h(101,24): warning C4244: '=': conversion from 'SHORT' to 'char', possible loss of data
C:\Users\aghat\Downloads\Candy-Crush-master\Candy-Crush-master\Code.h(108,24): warning C4244: '=': conversion from 'SHORT' to 'char', possible loss of data
C:\Users\aghat\Downloads\Candy-Crush-master\Candy-Crush-master\Code.h(114,24): warning C4244: '=': conversion from 'SHORT' to 'char', possible loss of data
C:\Users\aghat\Downloads\Candy-Crush-master\Candy-Crush-master\Code.h(121,24): warning C4244: '=': conversion from 'SHORT' to 'char', possible loss of data
C:\Users\aghat\Downloads\Candy-Crush-master\Candy-Crush-master\Code.h(127,24): warning C4244: '=': conversion from 'SHORT' to 'char', possible loss of data
C:\Users\aghat\Downloads\Candy-Crush-master\Candy-Crush-master\Code.cpp(76,12): warning C4244: 'argument': conversion from 'time_t' to 'unsigned int', possible loss of data
C:\Users\aghat\Downloads\Candy-Crush-master\Candy-Crush-master\Code.cpp(105,22): warning C4101: 'y1': unreferenced local variable
C:\Users\aghat\Downloads\Candy-Crush-master\Candy-Crush-master\Code.cpp(105,18): warning C4101: 'x1': unreferenced local variable
C:\Users\aghat\Downloads\Candy-Crush-master\Candy-Crush-master\Code.cpp(105,26): warning C4101: 'randwrap': unreferenced local variable
C:\Users\aghat\Downloads\Candy-Crush-master\Candy-Crush-master\Code.cpp(1028,16): warning C4553: '==': result of expression not used; did you intend '='?
C:\Users\aghat\Downloads\Candy-Crush-master\Candy-Crush-master\Code.cpp(1086,16): warning C4553: '==': result of expression not used; did you intend '='?
C:\Users\aghat\Downloads\Candy-Crush-master\Candy-Crush-master\Code.cpp(1541,31): warning C4101: 'c7': unreferenced local variable
C:\Users\aghat\Downloads\Candy-Crush-master\Candy-Crush-master\Code.cpp(1541,7): warning C4101: 'c1': unreferenced local variable
C:\Users\aghat\Downloads\Candy-Crush-master\Candy-Crush-master\Code.cpp(1541,39): warning C4101: 'c9': unreferenced local variable
C:\Users\aghat\Downloads\Candy-Crush-master\Candy-Crush-master\Code.cpp(1541,15): warning C4101: 'c3': unreferenced local variable
C:\Users\aghat\Downloads\Candy-Crush-master\Candy-Crush-master\Code.cpp(1541,63): warning C4101: 'c14': unreferenced local variable
C:\Users\aghat\Downloads\Candy-Crush-master\Candy-Crush-master\Code.cpp(1541,35): warning C4101: 'c8': unreferenced local variable
C:\Users\aghat\Downloads\Candy-Crush-master\Candy-Crush-master\Code.cpp(1541,23): warning C4101: 'c5': unreferenced local variable
C:\Users\aghat\Downloads\Candy-Crush-master\Candy-Crush-master\Code.cpp(1541,48): warning C4101: 'c11': unreferenced local variable
C:\Users\aghat\Downloads\Candy-Crush-master\Candy-Crush-master\Code.cpp(1541,43): warning C4101: 'c10': unreferenced local variable
C:\Users\aghat\Downloads\Candy-Crush-master\Candy-Crush-master\Code.cpp(1541,27): warning C4101: 'c6': unreferenced local variable
C:\Users\aghat\Downloads\Candy-Crush-master\Candy-Crush-master\Code.cpp(1541,53): warning C4101: 'c12': unreferenced local variable
C:\Users\aghat\Downloads\Candy-Crush-master\Candy-Crush-master\Code.cpp(1541,11): warning C4101: 'c2': unreferenced local variable
C:\Users\aghat\Downloads\Candy-Crush-master\Candy-Crush-master\Code.cpp(1541,58): warning C4101: 'c13': unreferenced local variable
C:\Users\aghat\Downloads\Candy-Crush-master\Candy-Crush-master\Code.cpp(1541,19): warning C4101: 'c4': unreferenced local variable
  myconsole.cpp
  Generating Code...
C:\Users\aghat\Downloads\Candy-Crush-master\Candy-Crush-master\Code.cpp(333): warning C4715: 'userinput': not all control paths return a value
  Candy Crush.vcxproj -> C:\Users\aghat\OneDrive\Desktop\Lab Codes\Candy Crush\x64\Debug\Candy Crush.exe
